[  0%] Built target std_srvs_generate_messages_eus
[  0%] Built target std_srvs_generate_messages_lisp
[  0%] Built target motoman_msgs_generate_messages_lisp
[  0%] Built target motoman_msgs_generate_messages_py
[  0%] Built target std_srvs_generate_messages_nodejs
[  0%] Built target motoman_msgs_generate_messages_nodejs
[  0%] Built target roscpp_generate_messages_cpp
[  0%] Built target roscpp_generate_messages_eus
[  0%] Built target std_msgs_generate_messages_py
[  0%] Built target std_msgs_generate_messages_nodejs
[  0%] Built target geometry_msgs_generate_messages_eus
[  0%] Built target roscpp_generate_messages_nodejs
[  0%] Built target industrial_msgs_generate_messages_cpp
[  0%] Built target std_msgs_generate_messages_cpp
[  0%] Built target actionlib_msgs_generate_messages_py
[  0%] Built target actionlib_generate_messages_cpp
[  0%] Built target rosgraph_msgs_generate_messages_nodejs
[  0%] Built target rosgraph_msgs_generate_messages_lisp
[  0%] Built target actionlib_generate_messages_py
[  0%] Built target trajectory_msgs_generate_messages_cpp
[  0%] Built target actionlib_generate_messages_nodejs
[  0%] Built target trajectory_msgs_generate_messages_nodejs
[  0%] Built target control_msgs_generate_messages_eus
[  0%] Built target rosgraph_msgs_generate_messages_py
[  0%] Built target industrial_msgs_generate_messages_eus
[  0%] Built target std_msgs_generate_messages_eus
[  0%] Built target actionlib_msgs_generate_messages_nodejs
[  0%] Built target actionlib_msgs_generate_messages_lisp
[  0%] Built target actionlib_msgs_generate_messages_cpp
[  0%] Built target trajectory_msgs_generate_messages_eus
[  0%] Built target roscpp_generate_messages_py
[  0%] Built target std_srvs_generate_messages_py
[  0%] Built target rosgraph_msgs_generate_messages_eus
[  0%] Built target std_msgs_generate_messages_lisp
[  0%] Built target std_srvs_generate_messages_cpp
[  0%] Built target control_msgs_generate_messages_cpp
[  0%] Built target actionlib_msgs_generate_messages_eus
[  0%] Built target control_msgs_generate_messages_py
[  0%] Built target control_msgs_generate_messages_nodejs
[  0%] Built target motoman_msgs_generate_messages_eus
[  0%] Built target geometry_msgs_generate_messages_cpp
[  0%] Built target geometry_msgs_generate_messages_lisp
[  0%] Built target geometry_msgs_generate_messages_nodejs
[  0%] Built target geometry_msgs_generate_messages_py
[  0%] Built target sensor_msgs_generate_messages_py
[  0%] Built target trajectory_msgs_generate_messages_lisp
[  0%] Built target rosgraph_msgs_generate_messages_cpp
[  0%] Built target actionlib_generate_messages_eus
[  0%] Built target trajectory_msgs_generate_messages_py
[  0%] Built target industrial_msgs_generate_messages_lisp
[  0%] Built target roscpp_generate_messages_lisp
[  0%] Built target industrial_msgs_generate_messages_nodejs
[  0%] Built target actionlib_generate_messages_lisp
[  0%] Built target industrial_msgs_generate_messages_py
[  0%] Built target sensor_msgs_generate_messages_cpp
[  0%] Built target sensor_msgs_generate_messages_eus
[  0%] Built target control_msgs_generate_messages_lisp
[  0%] Built target sensor_msgs_generate_messages_lisp
[  0%] Built target sensor_msgs_generate_messages_nodejs
[  0%] Built target _catkin_empty_exported_target
[  0%] Built target motoman_msgs_generate_messages_cpp
[35m[1mScanning dependencies of target motoman_industrial_robot_client_bswap[0m
[35m[1mScanning dependencies of target motoman_industrial_robot_client[0m
[ 28%] Built target motoman_simple_message_bswap
[ 56%] Built target motoman_simple_message
[ 56%] [32mBuilding CXX object CMakeFiles/motoman_industrial_robot_client_bswap.dir/src/industrial_robot_client/joint_relay_handler.cpp.o[0m
[ 57%] [32mBuilding CXX object CMakeFiles/motoman_industrial_robot_client_bswap.dir/src/industrial_robot_client/joint_feedback_ex_relay_handler.cpp.o[0m
[ 58%] [32mBuilding CXX object CMakeFiles/motoman_industrial_robot_client_bswap.dir/src/industrial_robot_client/joint_feedback_relay_handler.cpp.o[0m
[ 59%] [32mBuilding CXX object CMakeFiles/motoman_industrial_robot_client.dir/src/industrial_robot_client/joint_feedback_ex_relay_handler.cpp.o[0m
[ 60%] [32mBuilding CXX object CMakeFiles/motoman_industrial_robot_client_bswap.dir/src/industrial_robot_client/joint_trajectory_interface.cpp.o[0m
[ 61%] [32mBuilding CXX object CMakeFiles/motoman_industrial_robot_client_bswap.dir/src/industrial_robot_client/joint_trajectory_streamer.cpp.o[0m
[ 62%] [32mBuilding CXX object CMakeFiles/motoman_industrial_robot_client_bswap.dir/src/industrial_robot_client/robot_state_interface.cpp.o[0m
[ 62%] [32mBuilding CXX object CMakeFiles/motoman_industrial_robot_client.dir/src/industrial_robot_client/joint_feedback_relay_handler.cpp.o[0m
[ 63%] [32mBuilding CXX object CMakeFiles/motoman_industrial_robot_client.dir/src/industrial_robot_client/joint_relay_handler.cpp.o[0m
[ 64%] [32mBuilding CXX object CMakeFiles/motoman_industrial_robot_client.dir/src/industrial_robot_client/joint_trajectory_interface.cpp.o[0m
[ 65%] [32mBuilding CXX object CMakeFiles/motoman_industrial_robot_client.dir/src/industrial_robot_client/joint_trajectory_streamer.cpp.o[0m
[ 67%] [32m[1mLinking CXX shared library /home/etudiant/catkin_ws/devel/.private/motoman_driver/lib/libmotoman_industrial_robot_client_bswap.so[0m
[ 71%] Built target motoman_industrial_robot_client_bswap
[35m[1mScanning dependencies of target motoman_io_relay_bswap[0m
[ 72%] [32mBuilding CXX object CMakeFiles/motoman_io_relay_bswap.dir/src/io_relay_node.cpp.o[0m
[ 73%] [32mBuilding CXX object CMakeFiles/motoman_industrial_robot_client.dir/src/industrial_robot_client/robot_state_interface.cpp.o[0m
[35m[1mScanning dependencies of target motoman_motion_streaming_interface_bswap[0m
[ 74%] [32mBuilding CXX object CMakeFiles/motoman_motion_streaming_interface_bswap.dir/src/joint_streaming_node.cpp.o[0m
[ 75%] [32mBuilding CXX object CMakeFiles/motoman_motion_streaming_interface_bswap.dir/src/joint_trajectory_streamer.cpp.o[0m
[ 76%] [32m[1mLinking CXX shared library /home/etudiant/catkin_ws/devel/.private/motoman_driver/lib/libmotoman_industrial_robot_client.so[0m
[ 80%] Built target motoman_industrial_robot_client
[35m[1mScanning dependencies of target motoman_robot_state_bswap[0m
[ 81%] [32mBuilding CXX object CMakeFiles/motoman_robot_state_bswap.dir/src/robot_state_node.cpp.o[0m
[ 82%] [32mBuilding CXX object CMakeFiles/motoman_io_relay_bswap.dir/src/io_relay.cpp.o[0m
[35m[1mScanning dependencies of target motoman_motion_streaming_interface[0m
[ 82%] [32mBuilding CXX object CMakeFiles/motoman_motion_streaming_interface.dir/src/joint_streaming_node.cpp.o[0m
[ 82%] [32m[1mLinking CXX executable /home/etudiant/catkin_ws/devel/.private/motoman_driver/lib/motoman_driver/robot_state_bswap[0m
[ 82%] Built target motoman_robot_state_bswap
[35m[1mScanning dependencies of target motoman_robot_state[0m
[ 84%] [32mBuilding CXX object CMakeFiles/motoman_robot_state.dir/src/robot_state_node.cpp.o[0m
[ 85%] [32mBuilding CXX object CMakeFiles/motoman_motion_streaming_interface.dir/src/joint_trajectory_streamer.cpp.o[0m
[ 86%] [32m[1mLinking CXX executable /home/etudiant/catkin_ws/devel/.private/motoman_driver/lib/motoman_driver/motion_streaming_interface_bswap[0m
[ 87%] Built target motoman_motion_streaming_interface_bswap
[35m[1mScanning dependencies of target motoman_driver_joint_trajectory_action[0m
[ 88%] [32mBuilding CXX object CMakeFiles/motoman_driver_joint_trajectory_action.dir/src/industrial_robot_client/joint_trajectory_action.cpp.o[0m
[ 89%] [32m[1mLinking CXX executable /home/etudiant/catkin_ws/devel/.private/motoman_driver/lib/motoman_driver/io_relay_bswap[0m
[ 90%] [32m[1mLinking CXX executable /home/etudiant/catkin_ws/devel/.private/motoman_driver/lib/motoman_driver/robot_state[0m
[ 91%] Built target motoman_io_relay_bswap
[ 91%] Built target motoman_robot_state
[35m[1mScanning dependencies of target motoman_io_relay[0m
[ 92%] [32mBuilding CXX object CMakeFiles/motoman_driver_joint_trajectory_action.dir/src/joint_trajectory_action_node.cpp.o[0m
[ 93%] [32mBuilding CXX object CMakeFiles/motoman_io_relay.dir/src/io_relay_node.cpp.o[0m
[ 94%] [32m[1mLinking CXX executable /home/etudiant/catkin_ws/devel/.private/motoman_driver/lib/motoman_driver/motion_streaming_interface[0m
[ 96%] Built target motoman_motion_streaming_interface
[ 97%] [32mBuilding CXX object CMakeFiles/motoman_io_relay.dir/src/io_relay.cpp.o[0m
[ 98%] [32m[1mLinking CXX executable /home/etudiant/catkin_ws/devel/.private/motoman_driver/lib/motoman_driver/motoman_driver_joint_trajectory_action[0m
[ 98%] Built target motoman_driver_joint_trajectory_action
[100%] [32m[1mLinking CXX executable /home/etudiant/catkin_ws/devel/.private/motoman_driver/lib/motoman_driver/io_relay[0m
[100%] Built target motoman_io_relay
